0 info it worked if it ends with ok
1 verbose cli [ '/usr/local/bin/node', '/usr/local/bin/npm', 'run', 'start2' ]
2 info using npm@3.10.3
3 info using node@v6.3.1
4 verbose run-script [ 'prestart2', 'start2', 'poststart2' ]
5 info lifecycle okta-auth@1.0.0~prestart2: okta-auth@1.0.0
6 silly lifecycle okta-auth@1.0.0~prestart2: no script for prestart2, continuing
7 info lifecycle okta-auth@1.0.0~start2: okta-auth@1.0.0
8 verbose lifecycle okta-auth@1.0.0~start2: unsafe-perm in lifecycle true
9 verbose lifecycle okta-auth@1.0.0~start2: PATH: /usr/local/lib/node_modules/npm/bin/node-gyp-bin:/Users/PhilBarow/Program/okta-auth/node_modules/.bin:/usr/local/bin:/usr/local/bin:/usr/bin:/bin:/usr/sbin:/sbin:/Users/PhilBarow/apache_ant-1.9.5/bin:/usr/local/mysql/bin/
10 verbose lifecycle okta-auth@1.0.0~start2: CWD: /Users/PhilBarow/Program/okta-auth
11 silly lifecycle okta-auth@1.0.0~start2: Args: [ '-c', 'babel-node server/index2.js' ]
12 silly lifecycle okta-auth@1.0.0~start2: Returned: code: 1  signal: null
13 info lifecycle okta-auth@1.0.0~start2: Failed to exec start2 script
14 verbose stack Error: okta-auth@1.0.0 start2: `babel-node server/index2.js`
14 verbose stack Exit status 1
14 verbose stack     at EventEmitter.<anonymous> (/usr/local/lib/node_modules/npm/lib/utils/lifecycle.js:242:16)
14 verbose stack     at emitTwo (events.js:106:13)
14 verbose stack     at EventEmitter.emit (events.js:191:7)
14 verbose stack     at ChildProcess.<anonymous> (/usr/local/lib/node_modules/npm/lib/utils/spawn.js:40:14)
14 verbose stack     at emitTwo (events.js:106:13)
14 verbose stack     at ChildProcess.emit (events.js:191:7)
14 verbose stack     at maybeClose (internal/child_process.js:852:16)
14 verbose stack     at Process.ChildProcess._handle.onexit (internal/child_process.js:215:5)
15 verbose pkgid okta-auth@1.0.0
16 verbose cwd /Users/PhilBarow/Program/okta-auth
17 error Darwin 16.6.0
18 error argv "/usr/local/bin/node" "/usr/local/bin/npm" "run" "start2"
19 error node v6.3.1
20 error npm  v3.10.3
21 error code ELIFECYCLE
22 error okta-auth@1.0.0 start2: `babel-node server/index2.js`
22 error Exit status 1
23 error Failed at the okta-auth@1.0.0 start2 script 'babel-node server/index2.js'.
23 error Make sure you have the latest version of node.js and npm installed.
23 error If you do, this is most likely a problem with the okta-auth package,
23 error not with npm itself.
23 error Tell the author that this fails on your system:
23 error     babel-node server/index2.js
23 error You can get information on how to open an issue for this project with:
23 error     npm bugs okta-auth
23 error Or if that isn't available, you can get their info via:
23 error     npm owner ls okta-auth
23 error There is likely additional logging output above.
24 verbose exit [ 1, true ]
